This file contains any messages produced by compilers while
running configure, to aid debugging if configure makes a mistake.

It was created by bmorse configure 0.1, which was
generated by GNU Autoconf 2.69.  Invocation command line was

  $ ./configure 

## --------- ##
## Platform. ##
## --------- ##

hostname = X301
uname -m = i686
uname -r = 3.8.0-26-generic
uname -s = Linux
uname -v = #38-Ubuntu SMP Mon Jun 17 21:46:08 UTC 2013

/usr/bin/uname -p = unknown
/bin/uname -X     = unknown

/bin/arch              = unknown
/usr/bin/arch -k       = unknown
/usr/convex/getsysinfo = unknown
/usr/bin/hostinfo      = unknown
/bin/machine           = unknown
/usr/bin/oslevel       = unknown
/bin/universe          = unknown

PATH: /usr/lib/i386-linux-gnu/qt4/bin
PATH: /usr/local/sbin
PATH: /usr/local/bin
PATH: /usr/sbin
PATH: /usr/bin
PATH: /sbin
PATH: /bin
PATH: /usr/games
PATH: /usr/local/games


## ----------- ##
## Core tests. ##
## ----------- ##

configure:2232: checking for a BSD-compatible install
configure:2300: result: /usr/bin/install -c
configure:2311: checking whether build environment is sane
configure:2361: result: yes
configure:2502: checking for a thread-safe mkdir -p
configure:2541: result: /bin/mkdir -p
configure:2554: checking for gawk
configure:2570: found /usr/bin/gawk
configure:2581: result: gawk
configure:2592: checking whether make sets $(MAKE)
configure:2614: result: yes
configure:2807: checking for C++ compiler version
configure:2816: clang++ --version >&5
Ubuntu clang version 3.2-1~exp9ubuntu1 (tags/RELEASE_32/final) (based on LLVM 3.2)
Target: i386-pc-linux-gnu
Thread model: posix
configure:2827: $? = 0
configure:2816: clang++ -v >&5
Ubuntu clang version 3.2-1~exp9ubuntu1 (tags/RELEASE_32/final) (based on LLVM 3.2)
Target: i386-pc-linux-gnu
Thread model: posix
configure:2827: $? = 0
configure:2816: clang++ -V >&5
clang: error: argument to '-V' is missing (expected 1 value)
clang: error: no input files
configure:2827: $? = 1
configure:2816: clang++ -qversion >&5
clang: error: no input files
configure:2827: $? = 1
configure:2847: checking whether the C++ compiler works
configure:2869: clang++    conftest.cpp  >&5
configure:2873: $? = 0
configure:2921: result: yes
configure:2924: checking for C++ compiler default output file name
configure:2926: result: a.out
configure:2932: checking for suffix of executables
configure:2939: clang++ -o conftest    conftest.cpp  >&5
configure:2943: $? = 0
configure:2965: result: 
configure:2987: checking whether we are cross compiling
configure:2995: clang++ -o conftest    conftest.cpp  >&5
configure:2999: $? = 0
configure:3006: ./conftest
configure:3010: $? = 0
configure:3025: result: no
configure:3030: checking for suffix of object files
configure:3052: clang++ -c   conftest.cpp >&5
configure:3056: $? = 0
configure:3077: result: o
configure:3081: checking whether we are using the GNU C++ compiler
configure:3100: clang++ -c   conftest.cpp >&5
configure:3100: $? = 0
configure:3109: result: yes
configure:3118: checking whether clang++ accepts -g
configure:3138: clang++ -c -g  conftest.cpp >&5
configure:3138: $? = 0
configure:3179: result: yes
configure:3213: checking for style of include used by make
configure:3241: result: GNU
configure:3267: checking dependency style of clang++
configure:3378: result: gcc3
configure:3441: checking for gcc
configure:3468: result: clang
configure:3697: checking for C compiler version
configure:3706: clang --version >&5
Ubuntu clang version 3.2-1~exp9ubuntu1 (tags/RELEASE_32/final) (based on LLVM 3.2)
Target: i386-pc-linux-gnu
Thread model: posix
configure:3717: $? = 0
configure:3706: clang -v >&5
Ubuntu clang version 3.2-1~exp9ubuntu1 (tags/RELEASE_32/final) (based on LLVM 3.2)
Target: i386-pc-linux-gnu
Thread model: posix
configure:3717: $? = 0
configure:3706: clang -V >&5
clang: error: argument to '-V' is missing (expected 1 value)
clang: error: no input files
configure:3717: $? = 1
configure:3706: clang -qversion >&5
clang: error: no input files
configure:3717: $? = 1
configure:3721: checking whether we are using the GNU C compiler
configure:3740: clang -c   conftest.c >&5
configure:3740: $? = 0
configure:3749: result: yes
configure:3758: checking whether clang accepts -g
configure:3778: clang -c -g  conftest.c >&5
configure:3778: $? = 0
configure:3819: result: yes
configure:3836: checking for clang option to accept ISO C89
configure:3899: clang  -c -g -O2  conftest.c >&5
configure:3899: $? = 0
configure:3912: result: none needed
configure:3934: checking dependency style of clang
configure:4045: result: gcc3
configure:4061: checking whether clang and cc understand -c and -o together
configure:4092: clang -c conftest.c -o conftest2.o >&5
configure:4096: $? = 0
configure:4102: clang -c conftest.c -o conftest2.o >&5
configure:4106: $? = 0
configure:4117: cc -c conftest.c >&5
configure:4121: $? = 0
configure:4129: cc -c conftest.c -o conftest2.o >&5
configure:4133: $? = 0
configure:4139: cc -c conftest.c -o conftest2.o >&5
configure:4143: $? = 0
configure:4161: result: yes
configure:4190: checking for main in -lm
configure:4209: clang -o conftest -g -O2   conftest.c -lm   >&5
configure:4209: $? = 0
configure:4218: result: yes
configure:4236: checking how to run the C preprocessor
configure:4267: clang -E  conftest.c
configure:4267: $? = 0
configure:4281: clang -E  conftest.c
conftest.c:12:10: fatal error: 'ac_nonexistent.h' file not found
#include <ac_nonexistent.h>
         ^
1 error generated.
configure:4281: $? = 1
configure: failed program was:
| /* confdefs.h */
| #define PACKAGE_NAME "bmorse"
| #define PACKAGE_TARNAME "bmorse"
| #define PACKAGE_VERSION "0.1"
| #define PACKAGE_STRING "bmorse 0.1"
| #define PACKAGE_BUGREPORT "ag1le@innomore.com"
| #define PACKAGE_URL ""
| #define PACKAGE "bmorse"
| #define VERSION "0.1"
| #define HAVE_LIBM 1
| /* end confdefs.h.  */
| #include <ac_nonexistent.h>
configure:4306: result: clang -E
configure:4326: clang -E  conftest.c
configure:4326: $? = 0
configure:4340: clang -E  conftest.c
conftest.c:12:10: fatal error: 'ac_nonexistent.h' file not found
#include <ac_nonexistent.h>
         ^
1 error generated.
configure:4340: $? = 1
configure: failed program was:
| /* confdefs.h */
| #define PACKAGE_NAME "bmorse"
| #define PACKAGE_TARNAME "bmorse"
| #define PACKAGE_VERSION "0.1"
| #define PACKAGE_STRING "bmorse 0.1"
| #define PACKAGE_BUGREPORT "ag1le@innomore.com"
| #define PACKAGE_URL ""
| #define PACKAGE "bmorse"
| #define VERSION "0.1"
| #define HAVE_LIBM 1
| /* end confdefs.h.  */
| #include <ac_nonexistent.h>
configure:4369: checking for grep that handles long lines and -e
configure:4427: result: /bin/grep
configure:4432: checking for egrep
configure:4494: result: /bin/grep -E
configure:4499: checking for ANSI C header files
configure:4519: clang -c -g -O2  conftest.c >&5
configure:4519: $? = 0
configure:4592: clang -o conftest -g -O2   conftest.c -lm  >&5
configure:4592: $? = 0
configure:4592: ./conftest
configure:4592: $? = 0
configure:4603: result: yes
configure:4616: checking for sys/types.h
configure:4616: clang -c -g -O2  conftest.c >&5
configure:4616: $? = 0
configure:4616: result: yes
configure:4616: checking for sys/stat.h
configure:4616: clang -c -g -O2  conftest.c >&5
configure:4616: $? = 0
configure:4616: result: yes
configure:4616: checking for stdlib.h
configure:4616: clang -c -g -O2  conftest.c >&5
configure:4616: $? = 0
configure:4616: result: yes
configure:4616: checking for string.h
configure:4616: clang -c -g -O2  conftest.c >&5
configure:4616: $? = 0
configure:4616: result: yes
configure:4616: checking for memory.h
configure:4616: clang -c -g -O2  conftest.c >&5
configure:4616: $? = 0
configure:4616: result: yes
configure:4616: checking for strings.h
configure:4616: clang -c -g -O2  conftest.c >&5
configure:4616: $? = 0
configure:4616: result: yes
configure:4616: checking for inttypes.h
configure:4616: clang -c -g -O2  conftest.c >&5
configure:4616: $? = 0
configure:4616: result: yes
configure:4616: checking for stdint.h
configure:4616: clang -c -g -O2  conftest.c >&5
configure:4616: $? = 0
configure:4616: result: yes
configure:4616: checking for unistd.h
configure:4616: clang -c -g -O2  conftest.c >&5
configure:4616: $? = 0
configure:4616: result: yes
configure:4631: checking for stdlib.h
configure:4631: result: yes
configure:4631: checking for string.h
configure:4631: result: yes
configure:4648: checking for memset
configure:4648: clang -o conftest -g -O2   conftest.c -lm  >&5
conftest.c:47:6: warning: incompatible redeclaration of library function 'memset'
char memset ();
     ^
conftest.c:47:6: note: 'memset' is a builtin with type 'void *(void *, int, unsigned int)'
1 warning generated.
configure:4648: $? = 0
configure:4648: result: yes
configure:4648: checking for pow
configure:4648: clang -o conftest -g -O2   conftest.c -lm  >&5
conftest.c:48:6: warning: incompatible redeclaration of library function 'pow'
char pow ();
     ^
conftest.c:48:6: note: 'pow' is a builtin with type 'double (double, double)'
1 warning generated.
configure:4648: $? = 0
configure:4648: result: yes
configure:4648: checking for sqrt
configure:4648: clang -o conftest -g -O2   conftest.c -lm  >&5
conftest.c:49:6: warning: incompatible redeclaration of library function 'sqrt'
char sqrt ();
     ^
conftest.c:49:6: note: 'sqrt' is a builtin with type 'double (double)'
1 warning generated.
configure:4648: $? = 0
configure:4648: result: yes
configure:4648: checking for strrchr
configure:4648: clang -o conftest -g -O2   conftest.c -lm  >&5
conftest.c:50:6: warning: incompatible redeclaration of library function 'strrchr'
char strrchr ();
     ^
conftest.c:50:6: note: 'strrchr' is a builtin with type 'char *(const char *, int)'
1 warning generated.
configure:4648: $? = 0
configure:4648: result: yes
configure:4794: creating ./config.status

## ---------------------- ##
## Running config.status. ##
## ---------------------- ##

This file was extended by bmorse config.status 0.1, which was
generated by GNU Autoconf 2.69.  Invocation command line was

  CONFIG_FILES    = 
  CONFIG_HEADERS  = 
  CONFIG_LINKS    = 
  CONFIG_COMMANDS = 
  $ ./config.status 

on X301

config.status:861: creating Makefile
config.status:861: creating config.h
config.status:1042: config.h is unchanged
config.status:1090: executing depfiles commands

## ---------------- ##
## Cache variables. ##
## ---------------- ##

ac_cv_c_compiler_gnu=yes
ac_cv_cxx_compiler_gnu=yes
ac_cv_env_CCC_set=
ac_cv_env_CCC_value=
ac_cv_env_CC_set=set
ac_cv_env_CC_value=clang
ac_cv_env_CFLAGS_set=
ac_cv_env_CFLAGS_value=
ac_cv_env_CPPFLAGS_set=
ac_cv_env_CPPFLAGS_value=
ac_cv_env_CPP_set=
ac_cv_env_CPP_value=
ac_cv_env_CXXFLAGS_set=
ac_cv_env_CXXFLAGS_value=
ac_cv_env_CXX_set=set
ac_cv_env_CXX_value=clang++
ac_cv_env_LDFLAGS_set=
ac_cv_env_LDFLAGS_value=
ac_cv_env_LIBS_set=
ac_cv_env_LIBS_value=
ac_cv_env_build_alias_set=
ac_cv_env_build_alias_value=
ac_cv_env_host_alias_set=
ac_cv_env_host_alias_value=
ac_cv_env_target_alias_set=
ac_cv_env_target_alias_value=
ac_cv_func_memset=yes
ac_cv_func_pow=yes
ac_cv_func_sqrt=yes
ac_cv_func_strrchr=yes
ac_cv_header_inttypes_h=yes
ac_cv_header_memory_h=yes
ac_cv_header_stdc=yes
ac_cv_header_stdint_h=yes
ac_cv_header_stdlib_h=yes
ac_cv_header_string_h=yes
ac_cv_header_strings_h=yes
ac_cv_header_sys_stat_h=yes
ac_cv_header_sys_types_h=yes
ac_cv_header_unistd_h=yes
ac_cv_lib_m_main=yes
ac_cv_objext=o
ac_cv_path_EGREP='/bin/grep -E'
ac_cv_path_GREP=/bin/grep
ac_cv_path_install='/usr/bin/install -c'
ac_cv_path_mkdir=/bin/mkdir
ac_cv_prog_AWK=gawk
ac_cv_prog_CPP='clang -E'
ac_cv_prog_ac_ct_CC=clang
ac_cv_prog_cc_c89=
ac_cv_prog_cc_clang_c_o=yes
ac_cv_prog_cc_g=yes
ac_cv_prog_cxx_g=yes
ac_cv_prog_make_make_set=yes
am_cv_CC_dependencies_compiler_type=gcc3
am_cv_CXX_dependencies_compiler_type=gcc3

## ----------------- ##
## Output variables. ##
## ----------------- ##

ACLOCAL='${SHELL} /home/mauri/Projects/morse/missing --run aclocal-1.11'
AMDEPBACKSLASH='\'
AMDEP_FALSE='#'
AMDEP_TRUE=''
AMTAR='$${TAR-tar}'
AUTOCONF='${SHELL} /home/mauri/Projects/morse/missing --run autoconf'
AUTOHEADER='${SHELL} /home/mauri/Projects/morse/missing --run autoheader'
AUTOMAKE='${SHELL} /home/mauri/Projects/morse/missing --run automake-1.11'
AWK='gawk'
CC='clang'
CCDEPMODE='depmode=gcc3'
CFLAGS='-g -O2'
CPP='clang -E'
CPPFLAGS=''
CXX='clang++'
CXXDEPMODE='depmode=gcc3'
CXXFLAGS='-g -O2'
CYGPATH_W='echo'
DEFS='-DHAVE_CONFIG_H'
DEPDIR='.deps'
ECHO_C=''
ECHO_N='-n'
ECHO_T=''
EGREP='/bin/grep -E'
EXEEXT=''
GREP='/bin/grep'
INSTALL_DATA='${INSTALL} -m 644'
INSTALL_PROGRAM='${INSTALL}'
INSTALL_SCRIPT='${INSTALL}'
INSTALL_STRIP_PROGRAM='$(install_sh) -c -s'
LDFLAGS=''
LIBOBJS=''
LIBS='-lm '
LTLIBOBJS=''
MAKEINFO='${SHELL} /home/mauri/Projects/morse/missing --run makeinfo'
MKDIR_P='/bin/mkdir -p'
OBJEXT='o'
PACKAGE='bmorse'
PACKAGE_BUGREPORT='ag1le@innomore.com'
PACKAGE_NAME='bmorse'
PACKAGE_STRING='bmorse 0.1'
PACKAGE_TARNAME='bmorse'
PACKAGE_URL=''
PACKAGE_VERSION='0.1'
PATH_SEPARATOR=':'
SET_MAKE=''
SHELL='/bin/bash'
STRIP=''
VERSION='0.1'
ac_ct_CC='clang'
ac_ct_CXX=''
am__EXEEXT_FALSE=''
am__EXEEXT_TRUE='#'
am__fastdepCC_FALSE='#'
am__fastdepCC_TRUE=''
am__fastdepCXX_FALSE='#'
am__fastdepCXX_TRUE=''
am__include='include'
am__isrc=''
am__leading_dot='.'
am__nodep='_no'
am__quote=''
am__tar='$${TAR-tar} chof - "$$tardir"'
am__untar='$${TAR-tar} xf -'
bindir='${exec_prefix}/bin'
build_alias=''
datadir='${datarootdir}'
datarootdir='${prefix}/share'
docdir='${datarootdir}/doc/${PACKAGE_TARNAME}'
dvidir='${docdir}'
exec_prefix='${prefix}'
host_alias=''
htmldir='${docdir}'
includedir='${prefix}/include'
infodir='${datarootdir}/info'
install_sh='${SHELL} /home/mauri/Projects/morse/install-sh'
libdir='${exec_prefix}/lib'
libexecdir='${exec_prefix}/libexec'
localedir='${datarootdir}/locale'
localstatedir='${prefix}/var'
mandir='${datarootdir}/man'
mkdir_p='/bin/mkdir -p'
oldincludedir='/usr/include'
pdfdir='${docdir}'
prefix='/usr/local'
program_transform_name='s,x,x,'
psdir='${docdir}'
sbindir='${exec_prefix}/sbin'
sharedstatedir='${prefix}/com'
sysconfdir='${prefix}/etc'
target_alias=''

## ----------- ##
## confdefs.h. ##
## ----------- ##

/* confdefs.h */
#define PACKAGE_NAME "bmorse"
#define PACKAGE_TARNAME "bmorse"
#define PACKAGE_VERSION "0.1"
#define PACKAGE_STRING "bmorse 0.1"
#define PACKAGE_BUGREPORT "ag1le@innomore.com"
#define PACKAGE_URL ""
#define PACKAGE "bmorse"
#define VERSION "0.1"
#define HAVE_LIBM 1
#define STDC_HEADERS 1
#define HAVE_SYS_TYPES_H 1
#define HAVE_SYS_STAT_H 1
#define HAVE_STDLIB_H 1
#define HAVE_STRING_H 1
#define HAVE_MEMORY_H 1
#define HAVE_STRINGS_H 1
#define HAVE_INTTYPES_H 1
#define HAVE_STDINT_H 1
#define HAVE_UNISTD_H 1
#define HAVE_STDLIB_H 1
#define HAVE_STRING_H 1
#define HAVE_MEMSET 1
#define HAVE_POW 1
#define HAVE_SQRT 1
#define HAVE_STRRCHR 1

configure: exit 0
